Arguments: 
  D:\softWare\nodejs\node.exe D:\softWare\yarn\bin\yarn.js add $

PATH: 
  C:\Users\Computer\Cmder\vendor\git-for-windows\mingw64\bin;C:\Users\Computer\Cmder\vendor\git-for-windows\usr\bin;C:\Users\Computer\bin;C:\Program Files (x86)\Common Files\Oracle\Java\javapath;C:\Program Files\Java\jdk1.8.0_251\jdk1.8.0_251\bin;C:\WINDOWS\system32;C:\WINDOWS;C:\WINDOWS\System32\Wbem;C:\WINDOWS\System32\WindowsPowerShell\v1.0;C:\WINDOWS\System32\OpenSSH;C:\Program Files\Git\cmd;C:\Program Files\dotnet;D:\softWare\nodejs;D:\softWare\yarn\bin;D:\softWare\hugo;C:\Users\Computer\Anaconda3\Library\bin\graphviz;C:\Program Files (x86)\Pandoc;C:\Program Files\MySQL\MySQL Shell 8.0\bin;C:\Users\Computer\AppData\Local\Programs\Python\Python38\Scripts;C:\Users\Computer\AppData\Local\Programs\Python\Python38;C:\Users\Computer\Anaconda3;C:\Users\Computer\Anaconda3\Scripts;C:\Users\Computer\Anaconda3\Library\bin;C:\Users\Computer\AppData\Local\Microsoft\WindowsApps;C:\Program Files\JetBrains\IntelliJ IDEA Community Edition 2019.3.3\bin;C:\Users\Computer\AppData\Local\Programs\Microsoft VS Code\bin;C:\Program Files\JetBrains\IntelliJ IDEA 2020.1.1\bin;C:\Users\Computer\AppData\Roaming\npm;C:\Users\Computer\AppData\Local\Yarn\bin;C:\Program Files (x86)\Pandoc;C:\Program Files\JetBrains\WebStorm 2020.1.2\bin

Yarn version: 
  1.22.4

Node version: 
  8.17.0

Platform: 
  win32 x64

Trace: 
  Error: https://registry.npm.taobao.org/$: Not found
      at Request.params.callback [as _callback] (D:\softWare\yarn\lib\cli.js:66096:18)
      at Request.self.callback (D:\softWare\yarn\lib\cli.js:140748:22)
      at emitTwo (events.js:126:13)
      at Request.emit (events.js:214:7)
      at Request.<anonymous> (D:\softWare\yarn\lib\cli.js:141720:10)
      at emitOne (events.js:116:13)
      at Request.emit (events.js:211:7)
      at IncomingMessage.<anonymous> (D:\softWare\yarn\lib\cli.js:141642:12)
      at Object.onceWrapper (events.js:313:30)
      at emitNone (events.js:111:20)

npm manifest: 
  {
    "name": "MVC",
    "version": "1.0.0",
    "main": "index.js",
    "license": "MIT",
    "dependencies": {
      "jquery": "^3.5.1"
    }
  }

yarn manifest: 
  No manifest

Lockfile: 
  # THIS IS AN AUTOGENERATED FILE. DO NOT EDIT THIS FILE DIRECTLY.
  # yarn lockfile v1
  
  
  jquery@^3.5.1:
    version "3.5.1"
    resolved "https://registry.npm.taobao.org/jquery/download/jquery-3.5.1.tgz#d7b4d08e1bfdb86ad2f1a3d039ea17304717abb5"
    integrity sha1-17TQjhv9uGrS8aPQOeoXMEcXq7U=
